<?xml version="1.0" encoding="UTF-8"?>
<!-- Generated by org.testng.reporters.JUnitXMLReporter -->
<testsuite ignored="0" hostname="Priyankas-MacBook-Pro.local" failures="0" tests="7" name="Test" time="16.048" errors="0" timestamp="18 May 2019 15:24:41 GMT">
  <testcase classname="com.core.framework.tests.BusBookingTest" name="verifyHomePage" time="4.542"/>
  <testcase classname="com.core.framework.tests.HotelBookingTest" name="verifyHomePage" time="4.602"/>
  <testcase classname="com.core.framework.tests.BusBookingTest" name="searchBus" time="3.006"/>
  <testcase classname="com.core.framework.tests.HotelBookingTest" name="verifyClickHotelLink" time="4.017"/>
  <testcase classname="com.core.framework.tests.BusBookingTest" name="advanceSearch" time="1.493"/>
  <testcase classname="com.core.framework.tests.HotelBookingTest" name="searchHotelByLocation" time="3.955"/>
  <testcase classname="com.core.framework.tests.BusBookingTest" name="selectSeatAndBook" time="0.201"/>
</testsuite> <!-- Test -->
