<?xml version="1.0" encoding="UTF-8"?>
<testsuite xmlns:xsi="http://www.w3.org/2001/XMLSchema-instance" xsi:noNamespaceSchemaLocation="https://maven.apache.org/surefire/maven-surefire-plugin/xsd/surefire-test-report-3.0.xsd" version="3.0" name="TestSuite" time="36.223" tests="5" errors="0" skipped="0" failures="0">
  <properties>
[...]
</properties>
  <testcase name="searchBus" classname="com.core.framework.tests.BusBookingTest" time="3.355"/>
  <testcase name="advanceSearch" classname="com.core.framework.tests.BusBookingTest" time="1.684"/>
  <testcase name="selectSeatAndBook" classname="com.core.framework.tests.BusBookingTest" time="0.177"/>
  <testcase name="verifyClickHotelLink" classname="com.core.framework.tests.HotelBookingTest" time="4.749"/>
  <testcase name="searchandVerifyHotelByLocation" classname="com.core.framework.tests.HotelBookingTest" time="10.327"/>
</testsuite>