<?xml version="1.0" encoding="UTF-8"?>
<testng-results ignored="0" total="4" passed="3" failed="1" skipped="0">
  <reporter-output>
  </reporter-output>
  <suite started-at="2019-05-19T14:35:03Z" name="Default suite" finished-at="2019-05-19T14:35:13Z" duration-ms="10738">
    <groups>
    </groups>
    <test started-at="2019-05-19T14:35:03Z" name="Default test" finished-at="2019-05-19T14:35:13Z" duration-ms="10738">
      <class name="com.core.framework.tests.BusBookingTest">
        <test-method is-config="true" signature="setUp(java.lang.String)[pri:0, instance:com.core.framework.tests.BusBookingTest@67d48005]" started-at="2019-05-19T14:35:03Z" name="setUp" finished-at="2019-05-19T14:35:04Z" duration-ms="1830" status="PASS">
          <params>
            <param index="0">
              <value>
                <![CDATA[chrome]]>
              </value>
            </param>
          </params>
          <reporter-output>
          </reporter-output>
        </test-method> <!-- setUp -->
        <test-method signature="verifyHomePage()[pri:1, instance:com.core.framework.tests.BusBookingTest@67d48005]" started-at="2019-05-19T14:35:04Z" name="verifyHomePage" finished-at="2019-05-19T14:35:08Z" duration-ms="3630" status="PASS">
          <reporter-output>
          </reporter-output>
        </test-method> <!-- verifyHomePage -->
        <test-method signature="searchBus(java.lang.String, java.lang.String)[pri:2, instance:com.core.framework.tests.BusBookingTest@67d48005]" started-at="2019-05-19T14:35:08Z" name="searchBus" data-provider="searchCity" finished-at="2019-05-19T14:35:11Z" duration-ms="2602" status="PASS">
          <params>
            <param index="0">
              <value>
                <![CDATA[Mumbai]]>
              </value>
            </param>
            <param index="1">
              <value>
                <![CDATA[Nasik]]>
              </value>
            </param>
          </params>
          <reporter-output>
          </reporter-output>
        </test-method> <!-- searchBus -->
        <test-method signature="advanceSearch()[pri:3, instance:com.core.framework.tests.BusBookingTest@67d48005]" started-at="2019-05-19T14:35:11Z" name="advanceSearch" finished-at="2019-05-19T14:35:13Z" duration-ms="2320" status="PASS">
          <reporter-output>
          </reporter-output>
        </test-method> <!-- advanceSearch -->
        <test-method signature="selectSeatAndBook()[pri:4, instance:com.core.framework.tests.BusBookingTest@67d48005]" started-at="2019-05-19T14:35:13Z" name="selectSeatAndBook" finished-at="2019-05-19T14:35:13Z" duration-ms="217" status="FAIL">
          <exception class="java.lang.ExceptionInInitializerError">
            <full-stacktrace>
              <![CDATA[java.lang.ExceptionInInitializerError
at org.sikuli.basics.Debug.log(Debug.java:697)
at org.sikuli.basics.Debug.logx(Debug.java:675)
at org.sikuli.script.RunTime.log(RunTime.java:99)
at org.sikuli.script.RunTime.get(RunTime.java:184)
at org.sikuli.script.RunTime.get(RunTime.java:126)
at org.sikuli.script.RunTime.get(RunTime.java:316)
at org.sikuli.script.Region.<clinit>(Region.java:31)
at com.core.framework.pages.SelectBusSeatPage.select2Seats(SelectBusSeatPage.java:70)
at com.core.framework.tests.BusBookingTest.selectSeatAndBook(BusBookingTest.java:77)
at java.base/jdk.internal.reflect.NativeMethodAccessorImpl.invoke0(Native Method)
at java.base/jdk.internal.reflect.NativeMethodAccessorImpl.invoke(NativeMethodAccessorImpl.java:62)
at java.base/jdk.internal.reflect.DelegatingMethodAccessorImpl.invoke(DelegatingMethodAccessorImpl.java:43)
at java.base/java.lang.reflect.Method.invoke(Method.java:567)
at org.testng.internal.MethodInvocationHelper.invokeMethod(MethodInvocationHelper.java:124)
at org.testng.internal.Invoker.invokeMethod(Invoker.java:583)
at org.testng.internal.Invoker.invokeTestMethod(Invoker.java:719)
at org.testng.internal.Invoker.invokeTestMethods(Invoker.java:989)
at org.testng.internal.TestMethodWorker.invokeTestMethods(TestMethodWorker.java:125)
at org.testng.internal.TestMethodWorker.run(TestMethodWorker.java:109)
at org.testng.TestRunner.privateRun(TestRunner.java:648)
at org.testng.TestRunner.run(TestRunner.java:505)
at org.testng.SuiteRunner.runTest(SuiteRunner.java:455)
at org.testng.SuiteRunner.runSequentially(SuiteRunner.java:450)
at org.testng.SuiteRunner.privateRun(SuiteRunner.java:415)
at org.testng.SuiteRunner.run(SuiteRunner.java:364)
at org.testng.SuiteRunnerWorker.runSuite(SuiteRunnerWorker.java:52)
at org.testng.SuiteRunnerWorker.run(SuiteRunnerWorker.java:84)
at org.testng.TestNG.runSuitesSequentially(TestNG.java:1208)
at org.testng.TestNG.runSuitesLocally(TestNG.java:1137)
at org.testng.TestNG.runSuites(TestNG.java:1049)
at org.testng.TestNG.run(TestNG.java:1017)
at org.testng.remote.AbstractRemoteTestNG.run(AbstractRemoteTestNG.java:115)
at org.testng.remote.RemoteTestNG.initAndRun(RemoteTestNG.java:251)
at org.testng.remote.RemoteTestNG.main(RemoteTestNG.java:77)
Caused by: java.lang.NumberFormatException: For input string: "."
at java.base/java.lang.NumberFormatException.forInputString(NumberFormatException.java:68)
at java.base/java.lang.Integer.parseInt(Integer.java:644)
at java.base/java.lang.Integer.parseInt(Integer.java:776)
at org.sikuli.basics.Settings.<clinit>(Settings.java:123)
... 34 more
]]>
            </full-stacktrace>
          </exception> <!-- java.lang.ExceptionInInitializerError -->
          <reporter-output>
          </reporter-output>
        </test-method> <!-- selectSeatAndBook -->
        <test-method is-config="true" signature="closeBrowser()[pri:0, instance:com.core.framework.tests.BusBookingTest@67d48005]" started-at="2019-05-19T14:35:13Z" name="closeBrowser" finished-at="2019-05-19T14:35:13Z" duration-ms="117" status="PASS">
          <reporter-output>
          </reporter-output>
        </test-method> <!-- closeBrowser -->
      </class> <!-- com.core.framework.tests.BusBookingTest -->
    </test> <!-- Default test -->
  </suite> <!-- Default suite -->
</testng-results>
